2023-11-07 13:31:30,047 INFO o.a.j.u.JMeterUtils: Setting Locale to en_EN
2023-11-07 13:31:30,072 INFO o.a.j.JMeter: Loading user properties from: user.properties
2023-11-07 13:31:30,072 INFO o.a.j.JMeter: Loading system properties from: system.properties
2023-11-07 13:31:30,084 INFO o.a.j.JMeter: Copyright (c) 1998-2023 The Apache Software Foundation
2023-11-07 13:31:30,084 INFO o.a.j.JMeter: Version 5.6.2
2023-11-07 13:31:30,084 INFO o.a.j.JMeter: java.version=19.0.2
2023-11-07 13:31:30,084 INFO o.a.j.JMeter: java.vm.name=Java HotSpot(TM) 64-Bit Server VM
2023-11-07 13:31:30,084 INFO o.a.j.JMeter: os.name=Windows 11
2023-11-07 13:31:30,084 INFO o.a.j.JMeter: os.arch=amd64
2023-11-07 13:31:30,084 INFO o.a.j.JMeter: os.version=10.0
2023-11-07 13:31:30,085 INFO o.a.j.JMeter: file.encoding=UTF-8
2023-11-07 13:31:30,085 INFO o.a.j.JMeter: java.awt.headless=null
2023-11-07 13:31:30,085 INFO o.a.j.JMeter: Max memory     =1073741824
2023-11-07 13:31:30,085 INFO o.a.j.JMeter: Available Processors =12
2023-11-07 13:31:30,095 INFO o.a.j.JMeter: Default Locale=English (EN)
2023-11-07 13:31:30,096 INFO o.a.j.JMeter: JMeter  Locale=English (EN)
2023-11-07 13:31:30,096 INFO o.a.j.JMeter: JMeterHome=C:\Intel\Apache Jmeter 5.6.2\apache-jmeter-5.6.2
2023-11-07 13:31:30,096 INFO o.a.j.JMeter: user.dir  =C:\Intel\Apache Jmeter 5.6.2\apache-jmeter-5.6.2\bin
2023-11-07 13:31:30,096 INFO o.a.j.JMeter: PWD       =C:\Intel\Apache Jmeter 5.6.2\apache-jmeter-5.6.2\bin
2023-11-07 13:31:30,103 INFO o.a.j.JMeter: IP: 192.168.1.3 Name: HDLCAMPUS5983 FullName: HDLCAMPUS5983.Virtusa.com
2023-11-07 13:31:30,112 INFO o.a.j.JMeter: Loaded icon properties from org/apache/jmeter/images/icon.properties
2023-11-07 13:31:30,313 INFO o.a.j.JMeterGuiLauncher: Setting LAF to: com.github.weisj.darklaf.DarkLaf:com.github.weisj.darklaf.theme.DarculaTheme
2023-11-07 13:34:42,476 INFO o.a.j.p.h.s.HTTPSamplerBase: Parser for text/html is org.apache.jmeter.protocol.http.parser.LagartoBasedHtmlParser
2023-11-07 13:34:42,477 INFO o.a.j.p.h.s.HTTPSamplerBase: Parser for application/xhtml+xml is org.apache.jmeter.protocol.http.parser.LagartoBasedHtmlParser
2023-11-07 13:34:42,477 INFO o.a.j.p.h.s.HTTPSamplerBase: Parser for application/xml is org.apache.jmeter.protocol.http.parser.LagartoBasedHtmlParser
2023-11-07 13:34:42,477 INFO o.a.j.p.h.s.HTTPSamplerBase: Parser for text/xml is org.apache.jmeter.protocol.http.parser.LagartoBasedHtmlParser
2023-11-07 13:34:42,477 INFO o.a.j.p.h.s.HTTPSamplerBase: Parser for text/vnd.wap.wml is org.apache.jmeter.protocol.http.parser.RegexpHTMLParser
2023-11-07 13:34:42,477 INFO o.a.j.p.h.s.HTTPSamplerBase: Parser for text/css is org.apache.jmeter.protocol.http.parser.CssParser
2023-11-07 13:36:12,683 INFO o.a.j.s.SampleResult: Note: Sample TimeStamps are START times
2023-11-07 13:36:12,683 INFO o.a.j.s.SampleResult: sampleresult.default.encoding is set to UTF-8
2023-11-07 13:36:12,683 INFO o.a.j.s.SampleResult: sampleresult.useNanoTime=true
2023-11-07 13:36:12,683 INFO o.a.j.s.SampleResult: sampleresult.nanoThreadSleep=5000
2023-11-07 13:36:45,043 INFO o.a.j.s.FileServer: Default base='C:\Intel\Apache Jmeter 5.6.2\apache-jmeter-5.6.2\bin'
2023-11-07 13:36:45,044 INFO o.a.j.s.FileServer: Set new base='C:\Intel\Apache Jmeter 5.6.2\apache-jmeter-5.6.2\bin'
2023-11-07 13:36:45,279 INFO o.a.j.s.SaveService: Testplan (JMX) version: 2.2. Testlog (JTL) version: 2.2
2023-11-07 13:36:45,318 INFO o.a.j.s.SaveService: Using SaveService properties version 5.0
2023-11-07 13:36:45,320 INFO o.a.j.s.SaveService: Using SaveService properties file encoding UTF-8
2023-11-07 13:36:51,071 INFO o.a.j.e.StandardJMeterEngine: Running the test!
2023-11-07 13:36:51,074 INFO o.a.j.s.SampleEvent: List of sample_variables: []
2023-11-07 13:36:51,074 INFO o.a.j.s.SampleEvent: List of sample_variables: []
2023-11-07 13:36:51,075 INFO o.a.j.e.u.CompoundVariable: Note: Function class names must contain the string: '.functions.'
2023-11-07 13:36:51,075 INFO o.a.j.e.u.CompoundVariable: Note: Function class names must not contain the string: '.gui.'
2023-11-07 13:36:51,147 INFO o.a.j.g.u.JMeterMenuBar: setRunning(true, *local*)
2023-11-07 13:36:51,186 INFO o.a.j.e.StandardJMeterEngine: Starting ThreadGroup: 1 : User
2023-11-07 13:36:51,187 INFO o.a.j.e.StandardJMeterEngine: Starting 1 threads for group User.
2023-11-07 13:36:51,187 INFO o.a.j.e.StandardJMeterEngine: Thread will continue on error
2023-11-07 13:36:51,187 INFO o.a.j.t.ThreadGroup: Starting thread group... number=1 threads=1 ramp-up=1 delayedStart=false
2023-11-07 13:36:51,189 INFO o.a.j.t.ThreadGroup: Started thread group number 1
2023-11-07 13:36:51,189 INFO o.a.j.e.StandardJMeterEngine: All thread groups have been started
2023-11-07 13:36:51,190 INFO o.a.j.t.JMeterThread: Thread started: User 1-1
2023-11-07 13:36:51,198 INFO o.a.j.p.h.s.HTTPHCAbstractImpl: Local host = HDLCAMPUS5983
2023-11-07 13:36:51,202 INFO o.a.j.p.h.s.HTTPHC4Impl: HTTP request retry count = 0
2023-11-07 13:36:51,677 INFO o.a.j.p.h.s.h.LazyLayeredConnectionSocketFactory: Setting up HTTPS TrustAll Socket Factory
2023-11-07 13:36:51,679 INFO o.a.j.u.JsseSSLManager: Using default SSL protocol: TLS
2023-11-07 13:36:51,679 INFO o.a.j.u.JsseSSLManager: SSL session context: per-thread
2023-11-07 13:36:51,798 INFO o.a.j.u.SSLManager: JmeterKeyStore Location:  type JKS
2023-11-07 13:36:51,801 INFO o.a.j.u.SSLManager: KeyStore created OK
2023-11-07 13:36:51,801 WARN o.a.j.u.SSLManager: Keystore file not found, loading empty keystore
2023-11-07 13:36:52,208 INFO o.a.j.t.JMeterThread: Thread is done: User 1-1
2023-11-07 13:36:52,209 INFO o.a.j.t.JMeterThread: Thread finished: User 1-1
2023-11-07 13:36:52,211 INFO o.a.j.e.StandardJMeterEngine: Notifying test listeners of end of test
2023-11-07 13:36:52,212 INFO o.a.j.g.u.JMeterMenuBar: setRunning(false, *local*)
2023-11-07 13:52:00,574 INFO o.a.j.e.StandardJMeterEngine: Running the test!
2023-11-07 13:52:00,578 INFO o.a.j.s.SampleEvent: List of sample_variables: []
2023-11-07 13:52:00,581 INFO o.a.j.g.u.JMeterMenuBar: setRunning(true, *local*)
2023-11-07 13:52:00,625 INFO o.a.j.e.StandardJMeterEngine: Starting ThreadGroup: 1 : User
2023-11-07 13:52:00,625 INFO o.a.j.e.StandardJMeterEngine: Starting 4 threads for group User.
2023-11-07 13:52:00,625 INFO o.a.j.e.StandardJMeterEngine: Thread will continue on error
2023-11-07 13:52:00,625 INFO o.a.j.t.ThreadGroup: Starting thread group... number=1 threads=4 ramp-up=1 delayedStart=false
2023-11-07 13:52:00,627 INFO o.a.j.t.ThreadGroup: Started thread group number 1
2023-11-07 13:52:00,627 INFO o.a.j.e.StandardJMeterEngine: All thread groups have been started
2023-11-07 13:52:00,629 INFO o.a.j.t.JMeterThread: Thread started: User 1-1
2023-11-07 13:52:00,880 INFO o.a.j.t.JMeterThread: Thread started: User 1-2
2023-11-07 13:52:01,128 INFO o.a.j.t.JMeterThread: Thread started: User 1-3
2023-11-07 13:52:01,381 INFO o.a.j.t.JMeterThread: Thread started: User 1-4
2023-11-07 13:52:01,578 INFO o.a.j.t.JMeterThread: Thread is done: User 1-1
2023-11-07 13:52:01,578 INFO o.a.j.t.JMeterThread: Thread finished: User 1-1
2023-11-07 13:52:01,790 INFO o.a.j.t.JMeterThread: Thread is done: User 1-2
2023-11-07 13:52:01,790 INFO o.a.j.t.JMeterThread: Thread finished: User 1-2
2023-11-07 13:52:02,223 INFO o.a.j.t.JMeterThread: Thread is done: User 1-3
2023-11-07 13:52:02,223 INFO o.a.j.t.JMeterThread: Thread finished: User 1-3
2023-11-07 13:52:02,330 INFO o.a.j.t.JMeterThread: Thread is done: User 1-4
2023-11-07 13:52:02,331 INFO o.a.j.t.JMeterThread: Thread finished: User 1-4
2023-11-07 13:52:02,331 INFO o.a.j.e.StandardJMeterEngine: Notifying test listeners of end of test
2023-11-07 13:52:02,332 INFO o.a.j.g.u.JMeterMenuBar: setRunning(false, *local*)
